  Evolve_Robot.cpp
C:\Books\Evolutionary Computation & Design Automation\Assignment\asgn3\Evolve_Robot\Evolve_Robot.cpp(46,26): warning C4305: 'initializing': truncation from 'double' to 'float'
C:\Books\Evolutionary Computation & Design Automation\Assignment\asgn3\Evolve_Robot\Evolve_Robot.cpp(148,21): warning C4018: '<': signed/unsigned mismatch
C:\Books\Evolutionary Computation & Design Automation\Assignment\asgn3\Evolve_Robot\Evolve_Robot.cpp(199,21): warning C4018: '<': signed/unsigned mismatch
C:\Books\Evolutionary Computation & Design Automation\Assignment\asgn3\Evolve_Robot\Evolve_Robot.cpp(202,26): warning C4018: '<': signed/unsigned mismatch
C:\Books\Evolutionary Computation & Design Automation\Assignment\asgn3\Evolve_Robot\Evolve_Robot.cpp(221,21): warning C4018: '<': signed/unsigned mismatch
C:\Books\Evolutionary Computation & Design Automation\Assignment\asgn3\Evolve_Robot\Evolve_Robot.cpp(223,26): warning C4018: '<': signed/unsigned mismatch
C:\Books\Evolutionary Computation & Design Automation\Assignment\asgn3\Evolve_Robot\Evolve_Robot.cpp(299,21): warning C4018: '<': signed/unsigned mismatch
C:\Books\Evolutionary Computation & Design Automation\Assignment\asgn3\Evolve_Robot\Evolve_Robot.cpp(308,22): warning C4018: '<': signed/unsigned mismatch
C:\Books\Evolutionary Computation & Design Automation\Assignment\asgn3\Evolve_Robot\Evolve_Robot.cpp(328,21): warning C4018: '<': signed/unsigned mismatch
C:\Books\Evolutionary Computation & Design Automation\Assignment\asgn3\Evolve_Robot\Evolve_Robot.cpp(476,96): warning C4244: 'argument': conversion from 'double' to 'GLfloat', possible loss of data
C:\Books\Evolutionary Computation & Design Automation\Assignment\asgn3\Evolve_Robot\Evolve_Robot.cpp(476,68): warning C4244: 'argument': conversion from 'double' to 'GLfloat', possible loss of data
C:\Books\Evolutionary Computation & Design Automation\Assignment\asgn3\Evolve_Robot\Evolve_Robot.cpp(476,40): warning C4244: 'argument': conversion from 'double' to 'GLfloat', possible loss of data
C:\Books\Evolutionary Computation & Design Automation\Assignment\asgn3\Evolve_Robot\Evolve_Robot.cpp(477,96): warning C4244: 'argument': conversion from 'double' to 'GLfloat', possible loss of data
C:\Books\Evolutionary Computation & Design Automation\Assignment\asgn3\Evolve_Robot\Evolve_Robot.cpp(477,68): warning C4244: 'argument': conversion from 'double' to 'GLfloat', possible loss of data
C:\Books\Evolutionary Computation & Design Automation\Assignment\asgn3\Evolve_Robot\Evolve_Robot.cpp(477,40): warning C4244: 'argument': conversion from 'double' to 'GLfloat', possible loss of data
C:\Books\Evolutionary Computation & Design Automation\Assignment\asgn3\Evolve_Robot\Evolve_Robot.cpp(484,21): warning C4018: '<': signed/unsigned mismatch
C:\Books\Evolutionary Computation & Design Automation\Assignment\asgn3\Evolve_Robot\Evolve_Robot.cpp(512,21): warning C4018: '<': signed/unsigned mismatch
C:\Books\Evolutionary Computation & Design Automation\Assignment\asgn3\Evolve_Robot\Evolve_Robot.cpp(524,21): warning C4018: '<': signed/unsigned mismatch
C:\Books\Evolutionary Computation & Design Automation\Assignment\asgn3\Evolve_Robot\Evolve_Robot.cpp(544,21): warning C4018: '<': signed/unsigned mismatch
C:\Books\Evolutionary Computation & Design Automation\Assignment\asgn3\Evolve_Robot\Evolve_Robot.cpp(653,21): warning C4018: '<': signed/unsigned mismatch
C:\Books\Evolutionary Computation & Design Automation\Assignment\asgn3\Evolve_Robot\Evolve_Robot.cpp(661,21): warning C4018: '<': signed/unsigned mismatch
C:\Books\Evolutionary Computation & Design Automation\Assignment\asgn3\Evolve_Robot\Evolve_Robot.cpp(666,21): warning C4018: '<': signed/unsigned mismatch
C:\Books\Evolutionary Computation & Design Automation\Assignment\asgn3\Evolve_Robot\Evolve_Robot.cpp(669,10): warning C4244: 'initializing': conversion from 'double' to 'int', possible loss of data
C:\Books\Evolutionary Computation & Design Automation\Assignment\asgn3\Evolve_Robot\Evolve_Robot.cpp(670,22): warning C4018: '<': signed/unsigned mismatch
C:\Books\Evolutionary Computation & Design Automation\Assignment\asgn3\Evolve_Robot\Evolve_Robot.cpp(763,21): warning C4018: '<': signed/unsigned mismatch
C:\Books\Evolutionary Computation & Design Automation\Assignment\asgn3\Evolve_Robot\Evolve_Robot.cpp(986,13): warning C4244: 'argument': conversion from 'time_t' to 'unsigned int', possible loss of data
C:\Books\Evolutionary Computation & Design Automation\Assignment\asgn3\Evolve_Robot\Evolve_Robot.cpp(1081,22): warning C4018: '<': signed/unsigned mismatch
C:\Books\Evolutionary Computation & Design Automation\Assignment\asgn3\Evolve_Robot\Evolve_Robot.cpp(1139,13): warning C4244: 'initializing': conversion from 'double' to 'int', possible loss of data
C:\Books\Evolutionary Computation & Design Automation\Assignment\asgn3\Evolve_Robot\Evolve_Robot.cpp(1140,14): warning C4244: 'initializing': conversion from 'double' to 'int', possible loss of data
C:\Books\Evolutionary Computation & Design Automation\Assignment\asgn3\Evolve_Robot\Evolve_Robot.cpp(1143,49): warning C4244: 'argument': conversion from 'double' to 'GLfloat', possible loss of data
C:\Books\Evolutionary Computation & Design Automation\Assignment\asgn3\Evolve_Robot\Evolve_Robot.cpp(1148,29): warning C4244: 'argument': conversion from 'int' to 'GLfloat', possible loss of data
C:\Books\Evolutionary Computation & Design Automation\Assignment\asgn3\Evolve_Robot\Evolve_Robot.cpp(1148,19): warning C4244: 'argument': conversion from 'int' to 'GLfloat', possible loss of data
C:\Books\Evolutionary Computation & Design Automation\Assignment\asgn3\Evolve_Robot\Evolve_Robot.cpp(1152,30): warning C4305: 'argument': truncation from 'double' to 'GLfloat'
C:\Books\Evolutionary Computation & Design Automation\Assignment\asgn3\Evolve_Robot\Evolve_Robot.cpp(1153,28): warning C4305: 'argument': truncation from 'double' to 'GLfloat'
C:\Books\Evolutionary Computation & Design Automation\Assignment\asgn3\Evolve_Robot\Evolve_Robot.cpp(1154,28): warning C4305: 'argument': truncation from 'double' to 'GLfloat'
C:\Books\Evolutionary Computation & Design Automation\Assignment\asgn3\Evolve_Robot\Evolve_Robot.cpp(1155,28): warning C4305: 'argument': truncation from 'double' to 'GLfloat'
C:\Books\Evolutionary Computation & Design Automation\Assignment\asgn3\Evolve_Robot\Evolve_Robot.cpp(1156,28): warning C4305: 'argument': truncation from 'double' to 'GLfloat'
C:\Books\Evolutionary Computation & Design Automation\Assignment\asgn3\Evolve_Robot\Evolve_Robot.cpp(1160,28): warning C4305: 'argument': truncation from 'double' to 'GLfloat'
C:\Books\Evolutionary Computation & Design Automation\Assignment\asgn3\Evolve_Robot\Evolve_Robot.cpp(1161,28): warning C4305: 'argument': truncation from 'double' to 'GLfloat'
C:\Books\Evolutionary Computation & Design Automation\Assignment\asgn3\Evolve_Robot\Evolve_Robot.cpp(1162,28): warning C4305: 'argument': truncation from 'double' to 'GLfloat'
C:\Books\Evolutionary Computation & Design Automation\Assignment\asgn3\Evolve_Robot\Evolve_Robot.cpp(1163,28): warning C4305: 'argument': truncation from 'double' to 'GLfloat'
C:\Books\Evolutionary Computation & Design Automation\Assignment\asgn3\Evolve_Robot\Evolve_Robot.cpp(1166,30): warning C4305: 'argument': truncation from 'double' to 'GLfloat'
C:\Books\Evolutionary Computation & Design Automation\Assignment\asgn3\Evolve_Robot\Evolve_Robot.cpp(1167,28): warning C4305: 'argument': truncation from 'double' to 'GLfloat'
C:\Books\Evolutionary Computation & Design Automation\Assignment\asgn3\Evolve_Robot\Evolve_Robot.cpp(1168,28): warning C4305: 'argument': truncation from 'double' to 'GLfloat'
C:\Books\Evolutionary Computation & Design Automation\Assignment\asgn3\Evolve_Robot\Evolve_Robot.cpp(1169,28): warning C4305: 'argument': truncation from 'double' to 'GLfloat'
C:\Books\Evolutionary Computation & Design Automation\Assignment\asgn3\Evolve_Robot\Evolve_Robot.cpp(1170,28): warning C4305: 'argument': truncation from 'double' to 'GLfloat'
C:\Books\Evolutionary Computation & Design Automation\Assignment\asgn3\Evolve_Robot\Evolve_Robot.cpp(1174,28): warning C4305: 'argument': truncation from 'double' to 'GLfloat'
C:\Books\Evolutionary Computation & Design Automation\Assignment\asgn3\Evolve_Robot\Evolve_Robot.cpp(1175,28): warning C4305: 'argument': truncation from 'double' to 'GLfloat'
C:\Books\Evolutionary Computation & Design Automation\Assignment\asgn3\Evolve_Robot\Evolve_Robot.cpp(1176,28): warning C4305: 'argument': truncation from 'double' to 'GLfloat'
C:\Books\Evolutionary Computation & Design Automation\Assignment\asgn3\Evolve_Robot\Evolve_Robot.cpp(1177,28): warning C4305: 'argument': truncation from 'double' to 'GLfloat'
C:\Books\Evolutionary Computation & Design Automation\Assignment\asgn3\Evolve_Robot\Evolve_Robot.cpp(1220,19): warning C4244: 'initializing': conversion from 'double' to 'GLfloat', possible loss of data
  Generating code
  17 of 821 functions ( 2.1%) were compiled, the rest were copied from previous compilation.
    0 functions were new in current compilation
    2 functions had inline decision re-evaluated but remain unchanged
  Finished generating code
  Evolve_Robot.vcxproj -> C:\Books\Evolutionary Computation & Design Automation\Assignment\asgn3\Evolve_Robot\Release\Evolve_Robot.exe
